00:42:59: Creating resource group General
00:42:59: Creating resource group Internal
00:42:59: Creating resource group Autodetect
00:42:59: Registering ResourceManager for type Mesh
00:42:59: Registering ResourceManager for type Material
00:42:59: Registering ResourceManager for type Skeleton
00:42:59: XMLMeshSerializer reading mesh data from G:\Development\GameDev\jMP\SnowboardGame\assets\models\player_1\Cube.mesh.xml...
00:42:59: Reading submeshes...
00:42:59: Reading geometry...
00:42:59: Geometry done...
00:42:59: Submeshes done.
00:42:59: XMLMeshSerializer import successful.
00:42:59: Reorganising vertex buffers to automatic layout..
00:42:59: MeshSerializer writing mesh data to G:\Development\GameDev\jMP\SnowboardGame\assets\models\player_1\Cube.mesh...
00:42:59: File header written.
00:42:59: Writing mesh data...
00:42:59: Writing submesh...
00:42:59: Exporting submesh texture aliases...
00:42:59: Submesh texture aliases exported.
00:42:59: Submesh exported.
00:42:59: Exporting bounds information....
00:42:59: Bounds information exported.
00:42:59: Exporting submesh name table...
00:42:59: Submesh name table exported.
00:42:59: Exporting edge lists...
00:42:59: Edge lists exported
00:42:59: Mesh data exported.
00:42:59: MeshSerializer export successful.
00:42:59: Unregistering ResourceManager for type Skeleton
00:42:59: Unregistering ResourceManager for type Material
00:42:59: Unregistering ResourceManager for type Mesh
