23:33:29: Creating resource group General
23:33:29: Creating resource group Internal
23:33:29: Creating resource group Autodetect
23:33:29: Registering ResourceManager for type Mesh
23:33:29: Registering ResourceManager for type Material
23:33:29: Registering ResourceManager for type Skeleton
23:33:29: XMLMeshSerializer reading mesh data from G:\Development\GameDev\jMP\CarGame\engine\assets\Models\car_2\chassis.mesh.xml...
23:33:29: Reading submeshes...
23:33:29: Reading geometry...
23:33:29: Geometry done...
23:33:29: Submeshes done.
23:33:29: XMLMeshSerializer import successful.
23:33:29: Reorganising vertex buffers to automatic layout..
23:33:29: MeshSerializer writing mesh data to G:\Development\GameDev\jMP\CarGame\engine\assets\Models\car_2\chassis.mesh...
23:33:29: File header written.
23:33:29: Writing mesh data...
23:33:29: Writing submesh...
23:33:29: Exporting submesh texture aliases...
23:33:29: Submesh texture aliases exported.
23:33:29: Submesh exported.
23:33:29: Exporting bounds information....
23:33:29: Bounds information exported.
23:33:29: Exporting submesh name table...
23:33:29: Submesh name table exported.
23:33:29: Exporting edge lists...
23:33:29: Edge lists exported
23:33:29: Mesh data exported.
23:33:29: MeshSerializer export successful.
23:33:29: Unregistering ResourceManager for type Skeleton
23:33:29: Unregistering ResourceManager for type Material
23:33:29: Unregistering ResourceManager for type Mesh
