00:23:23: Creating resource group General
00:23:23: Creating resource group Internal
00:23:23: Creating resource group Autodetect
00:23:23: Registering ResourceManager for type Mesh
00:23:23: Registering ResourceManager for type Material
00:23:23: Registering ResourceManager for type Skeleton
00:23:23: XMLMeshSerializer reading mesh data from G:\Development\GameDev\jMP\CarGame\assets\models\car_1\wheel\wheel.mesh.xml...
00:23:23: Reading submeshes...
00:23:23: Reading geometry...
00:23:23: Geometry done...
00:23:23: Submeshes done.
00:23:23: XMLMeshSerializer import successful.
00:23:23: Reorganising vertex buffers to automatic layout..
00:23:23: MeshSerializer writing mesh data to G:\Development\GameDev\jMP\CarGame\assets\models\car_1\wheel\wheel.mesh...
00:23:23: File header written.
00:23:23: Writing mesh data...
00:23:23: Writing submesh...
00:23:23: Exporting submesh texture aliases...
00:23:23: Submesh texture aliases exported.
00:23:23: Submesh exported.
00:23:23: Exporting bounds information....
00:23:23: Bounds information exported.
00:23:23: Exporting submesh name table...
00:23:23: Submesh name table exported.
00:23:23: Exporting edge lists...
00:23:23: Edge lists exported
00:23:23: Mesh data exported.
00:23:23: MeshSerializer export successful.
00:23:23: Unregistering ResourceManager for type Skeleton
00:23:23: Unregistering ResourceManager for type Material
00:23:23: Unregistering ResourceManager for type Mesh
