00:18:04: Creating resource group General
00:18:04: Creating resource group Internal
00:18:04: Creating resource group Autodetect
00:18:04: Registering ResourceManager for type Mesh
00:18:04: Registering ResourceManager for type Material
00:18:04: Registering ResourceManager for type Skeleton
00:18:04: XMLMeshSerializer reading mesh data from G:\Development\GameDev\jMP\CarGame\assets\models\car_1\chassis\chassis.mesh.xml...
00:18:04: Reading submeshes...
00:18:04: Reading geometry...
00:18:04: Geometry done...
00:18:04: Submeshes done.
00:18:04: XMLMeshSerializer import successful.
00:18:04: Reorganising vertex buffers to automatic layout..
00:18:04: MeshSerializer writing mesh data to G:\Development\GameDev\jMP\CarGame\assets\models\car_1\chassis\chassis.mesh...
00:18:04: File header written.
00:18:04: Writing mesh data...
00:18:04: Writing submesh...
00:18:04: Exporting submesh texture aliases...
00:18:04: Submesh texture aliases exported.
00:18:04: Submesh exported.
00:18:04: Exporting bounds information....
00:18:04: Bounds information exported.
00:18:04: Exporting submesh name table...
00:18:04: Submesh name table exported.
00:18:04: Exporting edge lists...
00:18:04: Edge lists exported
00:18:04: Mesh data exported.
00:18:04: MeshSerializer export successful.
00:18:04: Unregistering ResourceManager for type Skeleton
00:18:04: Unregistering ResourceManager for type Material
00:18:04: Unregistering ResourceManager for type Mesh
