22:23:13: Creating resource group General
22:23:13: Creating resource group Internal
22:23:13: Creating resource group Autodetect
22:23:13: Registering ResourceManager for type Mesh
22:23:13: Registering ResourceManager for type Material
22:23:13: Registering ResourceManager for type Skeleton
22:23:13: XMLMeshSerializer reading mesh data from G:\Development\GameDev\jMP\PlatformGame\engine\assets\Models\simple_enemy_1\simple_enemy_1.mesh.xml...
22:23:13: Reading submeshes...
22:23:13: Reading geometry...
22:23:13: Geometry done...
22:23:13: Submeshes done.
22:23:13: XMLMeshSerializer import successful.
22:23:13: Reorganising vertex buffers to automatic layout..
22:23:13: MeshSerializer writing mesh data to G:\Development\GameDev\jMP\PlatformGame\engine\assets\Models\simple_enemy_1\simple_enemy_1.mesh...
22:23:13: File header written.
22:23:13: Writing mesh data...
22:23:13: Writing submesh...
22:23:13: Exporting submesh texture aliases...
22:23:13: Submesh texture aliases exported.
22:23:13: Submesh exported.
22:23:13: Exporting bounds information....
22:23:13: Bounds information exported.
22:23:13: Exporting submesh name table...
22:23:13: Submesh name table exported.
22:23:13: Exporting edge lists...
22:23:13: Edge lists exported
22:23:13: Mesh data exported.
22:23:13: MeshSerializer export successful.
22:23:13: Unregistering ResourceManager for type Skeleton
22:23:13: Unregistering ResourceManager for type Material
22:23:13: Unregistering ResourceManager for type Mesh
