22:35:25: Creating resource group General
22:35:25: Creating resource group Internal
22:35:25: Creating resource group Autodetect
22:35:25: Registering ResourceManager for type Mesh
22:35:25: Registering ResourceManager for type Material
22:35:25: Registering ResourceManager for type Skeleton
22:35:25: XMLMeshSerializer reading mesh data from G:\Development\GameDev\jMP\CarGame\assets\Models\ground_1\ground_1.mesh.xml...
22:35:25: Reading submeshes...
22:35:25: Reading geometry...
22:35:25: Geometry done...
22:35:25: Submeshes done.
22:35:25: XMLMeshSerializer import successful.
22:35:25: Reorganising vertex buffers to automatic layout..
22:35:25: MeshSerializer writing mesh data to G:\Development\GameDev\jMP\CarGame\assets\Models\ground_1\ground_1.mesh...
22:35:25: File header written.
22:35:25: Writing mesh data...
22:35:25: Writing submesh...
22:35:25: Exporting submesh texture aliases...
22:35:25: Submesh texture aliases exported.
22:35:25: Submesh exported.
22:35:25: Exporting bounds information....
22:35:25: Bounds information exported.
22:35:25: Exporting submesh name table...
22:35:25: Submesh name table exported.
22:35:25: Exporting edge lists...
22:35:25: Edge lists exported
22:35:25: Mesh data exported.
22:35:25: MeshSerializer export successful.
22:35:25: Unregistering ResourceManager for type Skeleton
22:35:25: Unregistering ResourceManager for type Material
22:35:25: Unregistering ResourceManager for type Mesh
