00:30:22: Creating resource group General
00:30:22: Creating resource group Internal
00:30:22: Creating resource group Autodetect
00:30:22: Registering ResourceManager for type Mesh
00:30:22: Registering ResourceManager for type Material
00:30:22: Registering ResourceManager for type Skeleton
00:30:22: XMLMeshSerializer reading mesh data from G:\Development\GameDev\jMP\SnowboardGame\assets\models\terrain_1\terrain_1.mesh.xml...
00:30:22: Reading submeshes...
00:30:22: Reading geometry...
00:30:23: Geometry done...
00:30:23: Submeshes done.
00:30:23: XMLMeshSerializer import successful.
00:30:23: Reorganising vertex buffers to automatic layout..
00:30:23: MeshSerializer writing mesh data to G:\Development\GameDev\jMP\SnowboardGame\assets\models\terrain_1\terrain_1.mesh...
00:30:23: File header written.
00:30:23: Writing mesh data...
00:30:23: Writing submesh...
00:30:23: Exporting submesh texture aliases...
00:30:23: Submesh texture aliases exported.
00:30:23: Submesh exported.
00:30:23: Exporting bounds information....
00:30:23: Bounds information exported.
00:30:23: Exporting submesh name table...
00:30:23: Submesh name table exported.
00:30:23: Exporting edge lists...
00:30:23: Edge lists exported
00:30:23: Mesh data exported.
00:30:23: MeshSerializer export successful.
00:30:23: Unregistering ResourceManager for type Skeleton
00:30:23: Unregistering ResourceManager for type Material
00:30:23: Unregistering ResourceManager for type Mesh
