#
# A fatal error has been detected by the Java Runtime Environment:
#
#  Internal Error (exceptions.cpp:397), pid=4772, tid=3516
#  fatal error: ExceptionMark destructor expects no pending exceptions
#
# JRE version: 6.0_26-b03
# Java VM: Java HotSpot(TM) 64-Bit Server VM (20.1-b02 mixed mode windows-amd64 compressed oops)
# If you would like to submit a bug report, please visit:
#   http://java.sun.com/webapps/bugreport/crash.jsp
#

---------------  T H R E A D  ---------------

Current thread (0x000000000062c800):  JavaThread "main" [_thread_in_vm, id=3516, stack(0x00000000024e0000,0x00000000025e0000)]

Stack: [0x00000000024e0000,0x00000000025e0000]
[error occurred during error reporting (printing stack bounds), id 0xc0000005]

Java frames: (J=compiled Java code, j=interpreted, Vv=VM code)
j  java.lang.ClassLoader.findBootstrapClass(Ljava/lang/String;)Ljava/lang/Class;+0
j  java.lang.ClassLoader.findBootstrapClassOrNull(Ljava/lang/String;)Ljava/lang/Class;+12
j  java.lang.ClassLoader.loadClass(Ljava/lang/String;Z)Ljava/lang/Class;+32
j  java.lang.ClassLoader.loadClass(Ljava/lang/String;Z)Ljava/lang/Class;+23
j  sun.misc.Launcher$AppClassLoader.loadClass(Ljava/lang/String;Z)Ljava/lang/Class;+41
j  java.lang.ClassLoader.loadClass(Ljava/lang/String;)Ljava/lang/Class;+3
v  ~StubRoutines::call_stub

---------------  P R O C E S S  ---------------

Java Threads: ( => current thread )
  0x00000000063a5800 JavaThread "Low Memory Detector" daemon [_thread_blocked, id=2032, stack(0x0000000006d10000,0x0000000006e10000)]
  0x000000000638f000 JavaThread "C2 CompilerThread1" daemon [_thread_blocked, id=4640, stack(0x0000000006c10000,0x0000000006d10000)]
  0x0000000006388800 JavaThread "C2 CompilerThread0" daemon [_thread_blocked, id=4324, stack(0x0000000006b10000,0x0000000006c10000)]
  0x000000000637b800 JavaThread "JDWP Command Reader" daemon [_thread_in_native, id=4744, stack(0x0000000006a10000,0x0000000006b10000)]
  0x000000000637a800 JavaThread "JDWP Event Helper Thread" daemon [_thread_blocked, id=4844, stack(0x0000000006910000,0x0000000006a10000)]
  0x0000000006378800 JavaThread "JDWP Transport Listener: dt_shmem" daemon [_thread_blocked, id=1172, stack(0x0000000006810000,0x0000000006910000)]
  0x0000000006369800 JavaThread "Attach Listener" daemon [_thread_blocked, id=2556, stack(0x0000000006710000,0x0000000006810000)]
  0x0000000006364800 JavaThread "Signal Dispatcher" daemon [_thread_blocked, id=3200, stack(0x0000000006610000,0x0000000006710000)]
  0x000000000052c800 JavaThread "Finalizer" daemon [_thread_blocked, id=420, stack(0x0000000006510000,0x0000000006610000)]
  0x000000000052b000 JavaThread "Reference Handler" daemon [_thread_blocked, id=3804, stack(0x0000000006210000,0x0000000006310000)]
=>0x000000000062c800 JavaThread "main" [_thread_in_vm, id=3516, stack(0x00000000024e0000,0x00000000025e0000)]

Other Threads:
  0x0000000000525000 VMThread [stack: 0x0000000006110000,0x0000000006210000] [id=1492]
  0x00000000063aa800 WatcherThread [stack: 0x0000000006e10000,0x0000000006f10000] [id=3468]

VM state:not at safepoint (normal execution)

VM Mutex/Monitor currently owned by a thread: None

Heap
 PSYoungGen      total 9536K, used 491K [0x00000000f5560000, 0x00000000f6000000, 0x0000000100000000)
  eden space 8192K, 6% used [0x00000000f5560000,0x00000000f55daed0,0x00000000f5d60000)
  from space 1344K, 0% used [0x00000000f5eb0000,0x00000000f5eb0000,0x00000000f6000000)
  to   space 1344K, 0% used [0x00000000f5d60000,0x00000000f5d60000,0x00000000f5eb0000)
 PSOldGen        total 21888K, used 0K [0x00000000e0000000, 0x00000000e1560000, 0x00000000f5560000)
  object space 21888K, 0% used [0x00000000e0000000,0x00000000e0000000,0x00000000e1560000)
 PSPermGen       total 21248K, used 2356K [0x00000000dae00000, 0x00000000dc2c0000, 0x00000000e0000000)
  object space 21248K, 11% used [0x00000000dae00000,0x00000000db04d300,0x00000000dc2c0000)

Code Cache  [0x00000000025e0000, 0x0000000002850000, 0x00000000055e0000)
 total_blobs=142 nmethods=0 adapters=117 free_code_cache=49956736 largest_free_block=384

Dynamic libraries:
0x0000000000400000 - 0x000000000042e000 	F:\Program Files\Java\jdk1.6.0_26\bin\java.exe
0x0000000077360000 - 0x0000000077509000 	C:\Windows\SYSTEM32\ntdll.dll
0x0000000076c80000 - 0x0000000076d9f000 	C:\Windows\system32\kernel32.dll
0x000007fefd9e0000 - 0x000007fefda4c000 	C:\Windows\system32\KERNELBASE.dll
0x000007fefdb90000 - 0x000007fefdc6b000 	C:\Windows\system32\ADVAPI32.dll
0x000007fefe6e0000 - 0x000007fefe77f000 	C:\Windows\system32\msvcrt.dll
0x000007fefe3f0000 - 0x000007fefe40f000 	C:\Windows\SYSTEM32\sechost.dll
0x000007fefdc70000 - 0x000007fefdd9d000 	C:\Windows\system32\RPCRT4.dll
0x000000006d890000 - 0x000000006e048000 	F:\Program Files\Java\jdk1.6.0_26\jre\bin\server\jvm.dll
0x0000000077260000 - 0x000000007735a000 	C:\Windows\system32\USER32.dll
0x000007fefe2b0000 - 0x000007fefe317000 	C:\Windows\system32\GDI32.dll
0x000007feff520000 - 0x000007feff52e000 	C:\Windows\system32\LPK.dll
0x000007fefe320000 - 0x000007fefe3e9000 	C:\Windows\system32\USP10.dll
0x000007fefbb20000 - 0x000007fefbb5b000 	C:\Windows\system32\WINMM.dll
0x000007fefe170000 - 0x000007fefe19e000 	C:\Windows\system32\IMM32.DLL
0x000007fefe1a0000 - 0x000007fefe2a9000 	C:\Windows\system32\MSCTF.dll
0x000000006d800000 - 0x000000006d80e000 	F:\Program Files\Java\jdk1.6.0_26\jre\bin\verify.dll
0x000000006d450000 - 0x000000006d477000 	F:\Program Files\Java\jdk1.6.0_26\jre\bin\java.dll
0x0000000077530000 - 0x0000000077537000 	C:\Windows\system32\PSAPI.DLL
0x000000006d4c0000 - 0x000000006d4f4000 	F:\Program Files\Java\jdk1.6.0_26\jre\bin\jdwp.dll
0x000000006d6d0000 - 0x000000006d6d8000 	F:\Program Files\Java\jdk1.6.0_26\jre\bin\npt.dll
0x000000006d850000 - 0x000000006d862000 	F:\Program Files\Java\jdk1.6.0_26\jre\bin\zip.dll
0x000000006d300000 - 0x000000006d30a000 	F:\Program Files\Java\jdk1.6.0_26\jre\bin\dt_shmem.dll

VM Arguments:
jvm_args: -Xdebug -Xrunjdwp:transport=dt_shmem,address=javadebug -Dfile.encoding=UTF-8 
java_command: cargame.core.CarGame
Launcher Type: SUN_STANDARD

Environment Variables:
JAVA_HOME=F:\Program Files\Java\jdk1.6.0_26\jre
PATH=F:\Program Files (x86)\CollabNet\Subversion Client;C:\Program Files\Common Files\Microsoft Shared\Windows Live;C:\Program Files (x86)\Common Files\Microsoft Shared\Windows Live;C:\Program Files (x86)\NVIDIA Corporation\PhysX\Common;C:\Windows\system32;C:\Windows;C:\Windows\System32\Wbem;C:\Windows\System32\WindowsPowerShell\v1.0\;C:\Program Files (x86)\Windows Live\Shared;F:\Program Files\Java\jdk1.6.0_26\jre\bin;F:\Program Files\Java\jdk1.6.0_26\bin;F:\Program Files (x86)\Android\android-sdk\platform-tools;F:\Program Files (x86)\Android\android-sdk\tools;F:\MinGW\bin;F:\MinGW\MSYS\1.0\local\bin;F:\MinGW\1.0\bin;F:\CrystalSpace\CS;F:\CrystalSpace\CEL
USERNAME=Vortex
OS=Windows_NT
PROCESSOR_IDENTIFIER=Intel64 Family 6 Model 15 Stepping 11, GenuineIntel



---------------  S Y S T E M  ---------------

OS: Windows 7 Build 7601 Service Pack 1

CPU:total 4 (4 cores per cpu, 1 threads per core) family 6 model 15 stepping 11, cmov, cx8, fxsr, mmx, sse, sse2, sse3, ssse3

Memory: 4k page, physical 2096312k(264852k free), swap 4192624k(550124k free)

vm_info: Java HotSpot(TM) 64-Bit Server VM (20.1-b02) for windows-amd64 JRE (1.6.0_26-b03), built on May  4 2011 07:15:24 by "java_re" with MS VC++ 8.0 (VS2005)

time: Tue Sep 25 21:56:56 2012
elapsed time: 1 seconds

