23:07:18: Creating resource group General
23:07:18: Creating resource group Internal
23:07:18: Creating resource group Autodetect
23:07:18: Registering ResourceManager for type Mesh
23:07:18: Registering ResourceManager for type Material
23:07:18: Registering ResourceManager for type Skeleton
23:07:18: XMLMeshSerializer reading mesh data from G:\Development\GameDev\jMP\SnowboardGame\assets\models\snowboard_1\snowboard_1.mesh.xml...
23:07:18: Reading submeshes...
23:07:18: Reading geometry...
23:07:18: Geometry done...
23:07:18: Submeshes done.
23:07:18: XMLMeshSerializer import successful.
23:07:18: Reorganising vertex buffers to automatic layout..
23:07:18: MeshSerializer writing mesh data to G:\Development\GameDev\jMP\SnowboardGame\assets\models\snowboard_1\snowboard_1.mesh...
23:07:18: File header written.
23:07:18: Writing mesh data...
23:07:18: Writing submesh...
23:07:18: Exporting submesh texture aliases...
23:07:18: Submesh texture aliases exported.
23:07:18: Submesh exported.
23:07:18: Exporting bounds information....
23:07:18: Bounds information exported.
23:07:18: Exporting submesh name table...
23:07:18: Submesh name table exported.
23:07:18: Exporting edge lists...
23:07:18: Edge lists exported
23:07:18: Mesh data exported.
23:07:18: MeshSerializer export successful.
23:07:18: Unregistering ResourceManager for type Skeleton
23:07:18: Unregistering ResourceManager for type Material
23:07:18: Unregistering ResourceManager for type Mesh
